2026-05-15T18:10:07Z
=== pytest tests/test_environment.py -v ===
============================= test session starts ==============================
platform linux -- Python 3.12.13, pytest-8.4.2, pluggy-1.6.0 -- /home/robot/workspace/46-marine/.venv/bin/python
cachedir: .pytest_cache
hypothesis profile 'default'
rootdir: /home/robot/workspace/46-marine
configfile: pyproject.toml
plugins: hydra-core-1.3.2, hypothesis-6.152.7, dash-4.1.0, cov-7.1.0
collecting ... collected 10 items

tests/test_environment.py::test_python_version PASSED                    [ 10%]
tests/test_environment.py::test_oceanscale_importable PASSED             [ 20%]
tests/test_environment.py::test_numpy PASSED                             [ 30%]
tests/test_environment.py::test_scipy PASSED                             [ 40%]
tests/test_environment.py::test_torch_import PASSED                      [ 50%]
tests/test_environment.py::test_torch_cuda_available PASSED              [ 60%]
tests/test_environment.py::test_warp_import PASSED                       [ 70%]
tests/test_environment.py::test_warp_gpu_devices PASSED                  [ 80%]
tests/test_environment.py::test_newton_import PASSED                     [ 90%]
tests/test_environment.py::test_usd_import PASSED                        [100%]

============================== 10 passed in 3.64s ==============================
=== exit: 0 ===
2026-05-15T18:10:13Z
