2026-05-15T18:10:58Z
=== pytest tests/test_warp_smoke.py -v ===
============================= test session starts ==============================
platform linux -- Python 3.12.13, pytest-8.4.2, pluggy-1.6.0 -- /home/robot/workspace/46-marine/.venv/bin/python
cachedir: .pytest_cache
hypothesis profile 'default'
rootdir: /home/robot/workspace/46-marine
configfile: pyproject.toml
plugins: hydra-core-1.3.2, hypothesis-6.152.7, dash-4.1.0, cov-7.1.0
collecting ... collected 4 items

tests/test_warp_smoke.py::test_quad_drag_forward_matches_numpy PASSED    [ 25%]
tests/test_warp_smoke.py::test_quad_drag_autograd_matches_analytic PASSED [ 50%]
tests/test_warp_smoke.py::test_multi_launch_consistency PASSED           [ 75%]
tests/test_warp_smoke.py::test_device_is_rtx5090 PASSED                  [100%]

============================== 4 passed in 0.79s ===============================
=== exit: 0 ===
2026-05-15T18:11:00Z
