2026-05-15T18:11:09Z
=== pytest tests/test_newton_smoke.py -v ===
============================= test session starts ==============================
platform linux -- Python 3.12.13, pytest-8.4.2, pluggy-1.6.0 -- /home/robot/workspace/46-marine/.venv/bin/python
cachedir: .pytest_cache
hypothesis profile 'default'
rootdir: /home/robot/workspace/46-marine
configfile: pyproject.toml
plugins: hydra-core-1.3.2, hypothesis-6.152.7, dash-4.1.0, cov-7.1.0
collecting ... collected 1 item

tests/test_newton_smoke.py::test_newton_smallest_step FAILED             [100%]

=================================== FAILURES ===================================
__________________________ test_newton_smallest_step ___________________________

    @pytest.mark.gpu
    def test_newton_smallest_step() -> None:
        """Spawn a single rigid body, step once, confirm it moved under gravity."""
        import newton
    
        builder = newton.ModelBuilder()
        # gravity defaults to (0, 0, -9.81) in Newton (Z-up)
        # add a single dynamic body at origin
        body_idx = builder.add_body(
            mass=1.0,
            I_m=np.eye(3, dtype=np.float32) * 0.01,
>           xform=newton.Transform(),
                  ^^^^^^^^^^^^^^^^
        )
E       AttributeError: module 'newton' has no attribute 'Transform'

tests/test_newton_smoke.py:26: AttributeError
----------------------------- Captured stdout call -----------------------------
Warp 1.13.0 initialized:
   CUDA Toolkit 12.9, Driver 13.0
   Devices:
     "cpu"      : "x86_64"
     "cuda:0"   : "NVIDIA GeForce RTX 5090" (31 GiB, sm_120, mempool enabled)
   Kernel cache:
     /home/robot/.cache/warp/1.13.0
=========================== short test summary info ============================
FAILED tests/test_newton_smoke.py::test_newton_smallest_step - AttributeError...
============================== 1 failed in 1.47s ===============================
=== exit: 1 ===
2026-05-15T18:11:12Z
